<?xml version='1.0'?>
<ns2:test-suite xmlns:ns2='urn:model.allure.qatools.yandex.ru' start='1718780120810' stop='1718780124404'>
    <name>OrangeHRM Login</name>
    <title>OrangeHRM Login</title>
    <test-cases>
        <test-case start='1718780120840' status='pending' stop='1718780120840'>
            <name>Should display correct title and URL</name>
            <title>Should display correct title and URL</title>
            <labels/>
            <parameters/>
            <steps/>
            <attachments/>
            <failure>
                <message>Test ignored</message>
                <stack-trace>undefined</stack-trace>
            </failure>
        </test-case>
        <test-case start='1718780120840' status='undefined'>
            <name>Should display correct title and URL</name>
            <title>Should display correct title and URL</title>
            <labels/>
            <parameters/>
            <steps/>
            <attachments/>
        </test-case>
        <test-case start='1718780120840' status='pending' stop='1718780120840'>
            <name>should successfully log in with valid credentials</name>
            <title>should successfully log in with valid credentials</title>
            <labels/>
            <parameters/>
            <steps/>
            <attachments/>
            <failure>
                <message>Test ignored</message>
                <stack-trace>undefined</stack-trace>
            </failure>
        </test-case>
        <test-case start='1718780120841' status='undefined'>
            <name>should successfully log in with valid credentials</name>
            <title>should successfully log in with valid credentials</title>
            <labels/>
            <parameters/>
            <steps/>
            <attachments/>
        </test-case>
        <test-case start='1718780120841' status='pending' stop='1718780120841'>
            <name>should not log in with invalid credentials</name>
            <title>should not log in with invalid credentials</title>
            <labels/>
            <parameters/>
            <steps/>
            <attachments/>
            <failure>
                <message>Test ignored</message>
                <stack-trace>undefined</stack-trace>
            </failure>
        </test-case>
        <test-case start='1718780120841' status='undefined'>
            <name>should not log in with invalid credentials</name>
            <title>should not log in with invalid credentials</title>
            <labels/>
            <parameters/>
            <steps/>
            <attachments/>
        </test-case>
        <test-case start='1718780120841' status='passed' stop='1718780124404'>
            <name>should verify branding image and logo</name>
            <title>should verify branding image and logo</title>
            <labels/>
            <parameters/>
            <steps/>
            <attachments/>
        </test-case>
    </test-cases>
</ns2:test-suite>